生成启动时间为 2019/11/26 15:35:34。
     1>项目“D:\code\PTAM-win32\Win32\CameraCalibrator.vcxproj”在节点 2 上(Build 个目标)。
     1>C:\Program Files (x86)\MSBuild\Microsoft.Cpp\v4.0\V120\Microsoft.CppBuild.targets(388,5): warning MSB8028: The intermediate directory (Release\) contains files shared from another project (PTAM.vcxproj).  This can lead to incorrect clean and rebuild behavior.
     1>ClCompile:
         D:\Program Files (x86)\Microsoft Visual Studio 12.0\VC\bin\CL.exe /c /I..\include /Zi /nologo /W3 /WX- /O2 /Oy- /GL /D WIN32 /D NDEBUG /D _CONSOLE /D _UNICODE /D UNICODE /Gm- /EHsc /MD /GS /fp:precise /Zc:wchar_t /Zc:forScope /Fo"Release\\" /Fd"Release\vc120.pdb" /Gd /TP /analyze- /errorReport:prompt ATANCamera.cc CalibCornerPatch.cc CalibImage.cc CameraCalibrator.cc GLWindow2.cc GLWindowMenu.cc VideoSource_Win32_EWCLIB.cc
         ATANCamera.cc
         CalibCornerPatch.cc
     1>d:\code\ptam-win32\win32\OpenGL.h(18): fatal error C1083: 无法打开包括文件: “freeglut.h”: No such file or directory
         CalibImage.cc
     1>d:\code\ptam-win32\win32\OpenGL.h(18): fatal error C1083: 无法打开包括文件: “freeglut.h”: No such file or directory
         CameraCalibrator.cc
     1>d:\code\ptam-win32\win32\OpenGL.h(18): fatal error C1083: 无法打开包括文件: “freeglut.h”: No such file or directory
         GLWindow2.cc
     1>d:\code\ptam-win32\win32\OpenGL.h(18): fatal error C1083: 无法打开包括文件: “freeglut.h”: No such file or directory
         GLWindowMenu.cc
     1>d:\code\ptam-win32\win32\OpenGL.h(18): fatal error C1083: 无法打开包括文件: “freeglut.h”: No such file or directory
         VideoSource_Win32_EWCLIB.cc
     1>D:\code\PTAM-win32\include\ewclib.h(149): warning C4996: 'swprintf': swprintf has been changed to conform with the ISO C standard, adding an extra character count parameter. To use traditional Microsoft swprintf, set _CRT_NON_CONFORMING_SWPRINTFS.
                 D:\Program Files (x86)\Microsoft Visual Studio 12.0\VC\include\swprintf.inl(85) : 参见“swprintf”的声明
     1>D:\code\PTAM-win32\include\ewclib.h(216): warning C4996: 'swprintf': swprintf has been changed to conform with the ISO C standard, adding an extra character count parameter. To use traditional Microsoft swprintf, set _CRT_NON_CONFORMING_SWPRINTFS.
                 D:\Program Files (x86)\Microsoft Visual Studio 12.0\VC\include\swprintf.inl(85) : 参见“swprintf”的声明
     1>已完成生成项目“D:\code\PTAM-win32\Win32\CameraCalibrator.vcxproj”(Build 个目标)的操作 - 失败。

生成失败。

已用时间 00:00:05.93
