生成启动时间为 2019/12/26 16:02:05。
     1>项目“D:\code\PTAM-win32\Win32\PTAM.vcxproj”在节点 2 上(Build 个目标)。
     1>C:\Program Files (x86)\MSBuild\Microsoft.Cpp\v4.0\V120\Microsoft.CppBuild.targets(388,5): warning MSB8028: The intermediate directory (Release\) contains files shared from another project (CameraCalibrator.vcxproj).  This can lead to incorrect clean and rebuild behavior.
     1>ClCompile:
         D:\Program Files (x86)\Microsoft Visual Studio 12.0\VC\bin\CL.exe /c /IE:\Library\include /I../include /Zi /nologo /W3 /WX- /O2 /Oy- /D WIN32 /D NDEBUG /D _CONSOLE /Gm- /EHsc /MD /GS /fp:precise /Zc:wchar_t /Zc:forScope /Fo"Release\\" /Fd"Release\vc120.pdb" /Gd /TP /analyze- /errorReport:prompt KeyFrame.cc
         KeyFrame.cc
     1>D:\code\PTAM-win32\include\TooN/so3.h(55): warning C4396: “TooN::operator >>”: 友元声明引用函数模板的专用化时无法使用内联说明符
                 D:\code\PTAM-win32\include\TooN/se3.h(158): 参见对正在编译的类 模板 实例化“TooN::SO3<Precision>”的引用
                 with
                 [
                     Precision=TooN::DefaultPrecision
                 ]
                 d:\code\ptam-win32\win32\KeyFrame.h(90): 参见对正在编译的类 模板 实例化“TooN::SE3<TooN::DefaultPrecision>”的引用
     1>D:\code\PTAM-win32\include\TooN/so3.h(56): warning C4396: “TooN::operator >>”: 友元声明引用函数模板的专用化时无法使用内联说明符
     1>D:\code\PTAM-win32\include\TooN/so3.h(57): warning C4396: “TooN::operator >>”: 友元声明引用函数模板的专用化时无法使用内联说明符
     1>KeyFrame.cc(89): warning C4018: “<”: 有符号/无符号不匹配
     1>KeyFrame.cc(98): warning C4018: “<”: 有符号/无符号不匹配
     1>KeyFrame.cc(120): warning C4018: “<”: 有符号/无符号不匹配
     1>KeyFrame.cc(124): warning C4018: “<”: 有符号/无符号不匹配
     1>KeyFrame.cc(134): warning C4018: “<”: 有符号/无符号不匹配
     1>KeyFrame.cc(140): warning C4018: “<”: 有符号/无符号不匹配
     1>KeyFrame.cc(142): warning C4018: “<”: 有符号/无符号不匹配
     1>KeyFrame.cc(146): warning C4018: “<”: 有符号/无符号不匹配
     1>KeyFrame.cc(149): warning C4018: “<”: 有符号/无符号不匹配
     1>KeyFrame.cc(161): warning C4018: “<”: 有符号/无符号不匹配
     1>KeyFrame.cc(162): warning C4018: “<”: 有符号/无符号不匹配
     1>KeyFrame.cc(163): warning C4018: “<”: 有符号/无符号不匹配
     1>KeyFrame.cc(174): warning C4018: “<”: 有符号/无符号不匹配
     1>KeyFrame.cc(176): warning C4018: “<”: 有符号/无符号不匹配
     1>KeyFrame.cc(178): warning C4018: “<”: 有符号/无符号不匹配
       Link:
         D:\Program Files (x86)\Microsoft Visual Studio 12.0\VC\bin\link.exe /ERRORREPORT:PROMPT /OUT:"Release\PTAM.exe" /INCREMENTAL /NOLOGO /LIBPATH:E:\Library\lib /LIBPATH:..\lib libcvd.lib gvars3.lib glew32.lib opengl32.lib blas_win32_MT.lib lapack_win32_MT.lib pthreadVCE2.lib 1394camera.lib videoInput.lib freeglut.lib opencv_ml2413.lib opencv_calib3d2413.lib opencv_contrib2413.lib opencv_core2413.lib opencv_features2d2413.lib opencv_flann2413.lib opencv_gpu2413.lib opencv_highgui2413.lib opencv_imgproc2413.lib opencv_legacy2413.lib opencv_objdetect2413.lib opencv_ts2413.lib opencv_video2413.lib opencv_nonfree2413.lib opencv_ocl2413.lib opencv_photo2413.lib opencv_stitching2413.lib opencv_superres2413.lib opencv_videostab2413.lib kernel32.lib user32.lib gdi32.lib winspool.lib comdlg32.lib advapi32.lib shell32.lib ole32.lib oleaut32.lib uuid.lib odbc32.lib odbccp32.lib /MANIFEST /MANIFESTUAC:"level='asInvoker' uiAccess='false'" /manifest:embed /DEBUG /PDB:"Release\PTAM.pdb" /SUBSYSTEM:CONSOLE /OPT:REF /OPT:ICF /TLBID:1 /DYNAMICBASE /NXCOMPAT /IMPLIB:"Release\PTAM.lib" /MACHINE:X86 /SAFESEH Release\ARDriver.obj
         Release\ATANCamera.obj
         Release\Bundle.obj
         Release\EyeGame.obj
         Release\GLWindow2.obj
         Release\GLWindowMenu.obj
         Release\HomographyInit.obj
         Release\KeyFrame.obj
         Release\main.obj
         Release\Map.obj
         Release\MapMaker.obj
         Release\MapPoint.obj
         Release\MapViewer.obj
         Release\MiniPatch.obj
         Release\PatchFinder.obj
         Release\Relocaliser.obj
         Release\ShiTomasi.obj
         Release\SmallBlurryImage.obj
         Release\System.obj
         Release\Tracker.obj
         Release\VideoSource_Win32_EWCLIB.obj
     1>LINK : warning LNK4075: 忽略“/INCREMENTAL”(由于“/OPT:ICF”规范)
         ATANCamera.obj : 找到 MSIL .netmodule 或使用 /GL 编译的模块；正在使用 /LTCG 重新启动链接；将 /LTCG 添加到链接命令行以改进链接器性能
     1>LINK : warning LNK4075: 忽略“/INCREMENTAL”(由于“/LTCG”规范)
         正在生成代码
         已完成代码的生成
     1>gvars3.lib(serialize.obj) : warning LNK4204: “D:\code\PTAM-win32\Win32\Release\vc120.pdb”缺少引用模块的调试信息；正在链接对象，如同没有调试信息一样
     1>gvars3.lib(gvars3.obj) : warning LNK4204: “D:\code\PTAM-win32\Win32\Release\vc120.pdb”缺少引用模块的调试信息；正在链接对象，如同没有调试信息一样
     1>gvars3.lib(inst.obj) : warning LNK4204: “D:\code\PTAM-win32\Win32\Release\vc120.pdb”缺少引用模块的调试信息；正在链接对象，如同没有调试信息一样
     1>gvars3.lib(GStringUtil.obj) : warning LNK4204: “D:\code\PTAM-win32\Win32\Release\vc120.pdb”缺少引用模块的调试信息；正在链接对象，如同没有调试信息一样
     1>gvars3.lib(GUI.obj) : warning LNK4204: “D:\code\PTAM-win32\Win32\Release\vc120.pdb”缺少引用模块的调试信息；正在链接对象，如同没有调试信息一样
     1>gvars3.lib(gvars2.obj) : warning LNK4204: “D:\code\PTAM-win32\Win32\Release\vc120.pdb”缺少引用模块的调试信息；正在链接对象，如同没有调试信息一样
     1>gvars3.lib(GUI_impl_noreadline.obj) : warning LNK4204: “D:\code\PTAM-win32\Win32\Release\vc120.pdb”缺少引用模块的调试信息；正在链接对象，如同没有调试信息一样
     1>gvars3.lib(GUI_non_readline.obj) : warning LNK4204: “D:\code\PTAM-win32\Win32\Release\vc120.pdb”缺少引用模块的调试信息；正在链接对象，如同没有调试信息一样
     1>libcvd.lib(convolution.obj) : warning LNK4204: “D:\code\PTAM-win32\Win32\Release\vc120.pdb”缺少引用模块的调试信息；正在链接对象，如同没有调试信息一样
     1>libcvd.lib(cvd_timer.obj) : warning LNK4204: “D:\code\PTAM-win32\Win32\Release\vc120.pdb”缺少引用模块的调试信息；正在链接对象，如同没有调试信息一样
     1>libcvd.lib(fast_10_detect.obj) : warning LNK4204: “D:\code\PTAM-win32\Win32\Release\vc120.pdb”缺少引用模块的调试信息；正在链接对象，如同没有调试信息一样
     1>libcvd.lib(fast_corner.obj) : warning LNK4204: “D:\code\PTAM-win32\Win32\Release\vc120.pdb”缺少引用模块的调试信息；正在链接对象，如同没有调试信息一样
     1>libcvd.lib(gltext.obj) : warning LNK4204: “D:\code\PTAM-win32\Win32\Release\vc120.pdb”缺少引用模块的调试信息；正在链接对象，如同没有调试信息一样
     1>libcvd.lib(convolve_gaussian.obj) : warning LNK4204: “D:\code\PTAM-win32\Win32\Release\vc120.pdb”缺少引用模块的调试信息；正在链接对象，如同没有调试信息一样
     1>libcvd.lib(utility_float.obj) : warning LNK4204: “D:\code\PTAM-win32\Win32\Release\vc120.pdb”缺少引用模块的调试信息；正在链接对象，如同没有调试信息一样
     1>libcvd.lib(nonmax_suppression.obj) : warning LNK4204: “D:\code\PTAM-win32\Win32\Release\vc120.pdb”缺少引用模块的调试信息；正在链接对象，如同没有调试信息一样
     1>libcvd.lib(faster_corner_10.obj) : warning LNK4204: “D:\code\PTAM-win32\Win32\Release\vc120.pdb”缺少引用模块的调试信息；正在链接对象，如同没有调试信息一样
     1>libcvd.lib(half_sample.obj) : warning LNK4204: “D:\code\PTAM-win32\Win32\Release\vc120.pdb”缺少引用模块的调试信息；正在链接对象，如同没有调试信息一样
     1>libcvd.lib(thread.obj) : warning LNK4204: “D:\code\PTAM-win32\Win32\Release\vc120.pdb”缺少引用模块的调试信息；正在链接对象，如同没有调试信息一样
     1>libcvd.lib(glwindow.obj) : warning LNK4204: “D:\code\PTAM-win32\Win32\Release\vc120.pdb”缺少引用模块的调试信息；正在链接对象，如同没有调试信息一样
     1>libcvd.lib(win32.obj) : warning LNK4204: “D:\code\PTAM-win32\Win32\Release\vc120.pdb”缺少引用模块的调试信息；正在链接对象，如同没有调试信息一样
         PTAM.vcxproj -> D:\code\PTAM-win32\Win32\Release\PTAM.exe
     1>已完成生成项目“D:\code\PTAM-win32\Win32\PTAM.vcxproj”(Build 个目标)的操作。

生成成功。

已用时间 00:00:08.66
