d:\code\ptam-win32\win32\release\vc120.pdb
d:\code\ptam-win32\win32\release\tracker.obj
d:\code\ptam-win32\win32\release\system.obj
d:\code\ptam-win32\win32\release\smallblurryimage.obj
d:\code\ptam-win32\win32\release\shitomasi.obj
d:\code\ptam-win32\win32\release\relocaliser.obj
d:\code\ptam-win32\win32\release\patchfinder.obj
d:\code\ptam-win32\win32\release\minipatch.obj
d:\code\ptam-win32\win32\release\mapviewer.obj
d:\code\ptam-win32\win32\release\mappoint.obj
d:\code\ptam-win32\win32\release\mapmaker.obj
d:\code\ptam-win32\win32\release\map.obj
d:\code\ptam-win32\win32\release\main.obj
d:\code\ptam-win32\win32\release\keyframe.obj
d:\code\ptam-win32\win32\release\homographyinit.obj
d:\code\ptam-win32\win32\release\glwindowmenu.obj
d:\code\ptam-win32\win32\release\glwindow2.obj
d:\code\ptam-win32\win32\release\eyegame.obj
d:\code\ptam-win32\win32\release\bundle.obj
d:\code\ptam-win32\win32\release\atancamera.obj
d:\code\ptam-win32\win32\release\ardriver.obj
d:\code\ptam-win32\win32\release\videosource_win32_ewclib.obj
d:\code\ptam-win32\win32\release\ptam.tlog\cl.command.1.tlog
d:\code\ptam-win32\win32\release\ptam.tlog\cl.read.1.tlog
d:\code\ptam-win32\win32\release\ptam.tlog\cl.write.1.tlog
d:\code\ptam-win32\win32\release\ptam.tlog\link.command.1.tlog
d:\code\ptam-win32\win32\release\ptam.tlog\link.read.1.tlog
d:\code\ptam-win32\win32\release\ptam.tlog\link.write.1.tlog
